2017-12-04T15:11:35+00:00 CRITICAL Call to a member function get_var() on null

2017-12-07T14:12:08+00:00 CRITICAL Call to a member function get_results() on null

2017-12-07T14:12:34+00:00 CRITICAL Call to a member function get_results() on null

2017-12-07T14:13:27+00:00 CRITICAL Call to a member function get_results() on null

2017-12-07T14:14:04+00:00 CRITICAL Call to a member function get_results() on null

2017-12-07T14:15:17+00:00 CRITICAL Call to a member function get_results() on null

2017-12-07T14:22:56+00:00 CRITICAL Call to a member function get_results() on null

2017-12-07T14:23:18+00:00 CRITICAL Call to a member function get_results() on null

2017-12-07T16:44:25+00:00 CRITICAL Call to undefined function get_appointments_in_date_range()

2017-12-07T16:45:00+00:00 CRITICAL Call to undefined function get_appointments_for_customer()

2017-12-07T16:45:14+00:00 CRITICAL Call to undefined function get_appointments_for_customer()

2017-12-07T17:59:30+00:00 CRITICAL Call to undefined method wpdb::results()

2017-12-07T17:59:44+00:00 CRITICAL Call to undefined method wpdb::results()

2017-12-08T09:27:09+00:00 CRITICAL Cannot use object of type stdClass as array

2017-12-08T09:27:51+00:00 CRITICAL Cannot use object of type stdClass as array

2017-12-08T09:27:55+00:00 CRITICAL Cannot use object of type stdClass as array

2017-12-08T09:28:18+00:00 CRITICAL Cannot use object of type stdClass as array

2017-12-08T18:25:13+00:00 CRITICAL Class 'WC_Appointments_Admin' not found

2017-12-11T11:58:57+00:00 CRITICAL Cannot use object of type WC_Appointment as array

2017-12-11T13:32:06+00:00 CRITICAL Call to a member function is_purchasable() on null

2017-12-11T13:45:23+00:00 CRITICAL Call to a member function is_purchasable() on null

2017-12-14T15:30:56+00:00 CRITICAL Call to undefined function genereate_post_appointment_link()

2017-12-14T15:33:29+00:00 CRITICAL Call to undefined function genereate_post_appointment_link()

2017-12-14T15:38:11+00:00 CRITICAL Call to undefined function genereate_post_appointment_link()

2017-12-14T15:41:46+00:00 CRITICAL Call to undefined function genereate_post_appointment_link()

2017-12-14T16:24:24+00:00 CRITICAL Call to undefined function genereate_post_appointment_link()

2017-12-14T16:26:38+00:00 CRITICAL Call to undefined function genereate_post_appointment_link()

2017-12-14T16:30:42+00:00 CRITICAL Call to undefined function genereate_post_appointment_link()

2017-12-14T16:34:18+00:00 CRITICAL Call to undefined function genereate_post_appointment_link()

2017-12-14T16:37:00+00:00 CRITICAL Call to undefined function genereate_post_appointment_link()

2017-12-14T16:39:50+00:00 CRITICAL Call to undefined function genereate_post_appointment_link()

2017-12-14T16:41:22+00:00 CRITICAL Call to undefined function genereate_post_appointment_link()

2017-12-14T16:42:12+00:00 CRITICAL Call to undefined function genereate_post_appointment_link()

2017-12-14T16:45:54+00:00 CRITICAL Call to undefined function genereate_post_appointment_link()

2017-12-14T16:47:16+00:00 CRITICAL Call to undefined function genereate_post_appointment_link()

2017-12-14T16:51:08+00:00 CRITICAL Call to undefined function genereate_post_appointment_link()

2017-12-14T16:51:46+00:00 CRITICAL Call to undefined function genereate_post_appointment_link()

2017-12-14T16:53:17+00:00 CRITICAL Call to undefined function genereate_post_appointment_link()

2017-12-14T16:53:42+00:00 CRITICAL Call to undefined function genereate_post_appointment_link()

2017-12-14T16:57:05+00:00 CRITICAL Call to undefined function genereate_post_appointment_link()

2017-12-14T16:58:33+00:00 CRITICAL Call to undefined function genereate_post_appointment_link()

2017-12-14T16:59:40+00:00 CRITICAL Call to undefined function genereate_post_appointment_link()

2017-12-15T10:14:58+00:00 CRITICAL Cannot use object of type stdClass as array

2017-12-15T10:16:19+00:00 CRITICAL Cannot use object of type stdClass as array

2017-12-15T10:16:39+00:00 CRITICAL Cannot use object of type stdClass as array

2017-12-15T10:17:01+00:00 CRITICAL Cannot use object of type stdClass as array

2017-12-15T10:18:48+00:00 CRITICAL Cannot use object of type stdClass as array

2017-12-15T10:19:34+00:00 CRITICAL Cannot use object of type stdClass as array

2017-12-18T18:09:04+00:00 CRITICAL Call to undefined function buddydrive_has_items()

2017-12-18T18:09:12+00:00 CRITICAL Call to undefined function buddydrive_has_items()

2017-12-19T09:54:55+00:00 CRITICAL Uncaught exception 'Exception' with message 'Invalid order.' in /home/pursuitdev/public_html/neo/wp-content/plugins/woocommerce/includes/data-stores/abstract-wc-order-data-store-cpt.php:89
Stack trace:
#0 /home/pursuitdev/public_html/neo/wp-content/plugins/woocommerce/includes/class-wc-data-store.php(147): Abstract_WC_Order_Data_Store_CPT->read(Object(WC_Order))
#1 /home/pursuitdev/public_html/neo/wp-content/plugins/woocommerce/includes/abstracts/abstract-wc-order.php(109): WC_Data_Store->read(Object(WC_Order))
#2 /home/pursuitdev/public_html/neo/wp-content/themes/x-child/functions.php(272): WC_Abstract_Order->__construct(1446)
#3 /home/pursuitdev/public_html/neo/wp-settings.php(422): include('/home/pursuitde...')
#4 /home/pursuitdev/public_html/neo/wp-config.php(91): require_once('/home/pursuitde...')
#5 /home/pursuitdev/public_html/neo/wp-load.php(37): require_once('/home/pursuitde...')
#6 /home/pursuitdev/public_html/neo/wp-blog-header.php(13): require_once('/home/pursuitde...')
#7 /home/pursuitdev/public_

2017-12-19T09:56:41+00:00 CRITICAL Call to a member function get_items() on boolean

2017-12-19T11:12:00+00:00 CRITICAL Call to undefined function get_content_html()

2017-12-19T11:12:46+00:00 CRITICAL Call to undefined function get_content_html()

2017-12-21T15:45:53+00:00 CRITICAL Class 'WC_Appointments_ICS_Exporter_Staff' not found

2017-12-21T15:56:21+00:00 CRITICAL Class 'WC_Appointments_ICS_Exporter_Staff' not found

2017-12-21T16:15:59+00:00 CRITICAL Class 'WC_Appointments_ICS_Exporter_Staff' not found

2017-12-21T16:18:09+00:00 CRITICAL Class 'WC_Appointments_ICS_Exporter_Staff' not found

2017-12-21T16:21:30+00:00 CRITICAL Class 'WC_Appointments_ICS_Exporter_Staff' not found

2017-12-21T16:34:00+00:00 CRITICAL Class 'WC_Appointments_ICS_Exporter_Staff' not found

2017-12-21T16:36:10+00:00 CRITICAL Class 'WC_Appointments_ICS_Exporter_Staff' not found

2018-03-27T11:15:57+00:00 CRITICAL Call to undefined function aadd_filter()

2018-03-27T11:16:02+00:00 CRITICAL Call to undefined function aadd_filter()

2018-03-27T11:17:23+00:00 CRITICAL Call to undefined function aadd_filter()

2018-03-27T11:18:22+00:00 CRITICAL Call to undefined function aadd_filter()

2018-03-27T11:18:27+00:00 CRITICAL Call to undefined function aadd_filter()

2018-04-10T15:58:08+00:00 CRITICAL Class 'ZoomAPI_v2' not found

2018-04-10T15:58:57+00:00 CRITICAL Class 'ZoomAPI_v2' not found

2018-05-02T12:18:41+00:00 CRITICAL [] operator not supported for strings

2018-05-02T12:18:57+00:00 CRITICAL [] operator not supported for strings

2018-05-02T12:19:05+00:00 CRITICAL [] operator not supported for strings

2018-05-02T12:19:22+00:00 CRITICAL [] operator not supported for strings

2018-05-02T12:19:54+00:00 CRITICAL [] operator not supported for strings

2018-05-16T13:10:03+00:00 CRITICAL Call to undefined function is_skeleton()

2018-05-16T13:10:13+00:00 CRITICAL Call to undefined function is_skeleton()

2018-05-16T13:10:49+00:00 CRITICAL Call to undefined function is_skeleton()

2018-05-16T13:10:49+00:00 CRITICAL Call to undefined function is_skeleton()

